{"ts":1734445686326,"action":"PROJECT_OPENED","tags":{"PROJECT_NAME":"atexotest"}}
{"ts":1734445848850,"action":"IDE_DEACTIVATED"}
{"ts":1734445888249,"action":"IDE_ACTIVATED"}
{"ts":1734445891303,"action":"IDE_DEACTIVATED"}
{"ts":1734445938487,"action":"IDE_ACTIVATED"}
{"ts":1734445942800,"action":"IDE_DEACTIVATED"}
{"ts":1734445949841,"action":"IDE_ACTIVATED"}
{"ts":1734445958495,"action":"IDE_DEACTIVATED"}
{"ts":1734445959760,"action":"IDE_ACTIVATED"}
{"ts":1734446003355,"action":"IDE_DEACTIVATED"}
{"ts":1734446005502,"action":"IDE_ACTIVATED"}
{"ts":1734446018030,"action":"FILE_OPENED","file":"/frontend/package.json","tags":{"FILE_LINE_OF_CODE":"46"}}
{"ts":1734446120376,"action":"IDE_DEACTIVATED"}
{"ts":1734446120897,"action":"IDE_ACTIVATED"}
{"ts":1734446148064,"action":"IDE_DEACTIVATED"}
{"ts":1734446158849,"action":"IDE_ACTIVATED"}
{"ts":1734446160328,"action":"IDE_DEACTIVATED"}
{"ts":1734446161087,"action":"IDE_ACTIVATED"}
{"ts":1734446172566,"action":"IDE_DEACTIVATED"}
{"ts":1734446190880,"action":"IDE_ACTIVATED"}
{"ts":1734446192012,"action":"IDE_DEACTIVATED"}
{"ts":1734446193042,"action":"IDE_ACTIVATED"}
{"ts":1734446193377,"action":"IDE_DEACTIVATED"}
{"ts":1734446193824,"action":"IDE_ACTIVATED"}
{"ts":1734446195761,"action":"IDE_DEACTIVATED"}
{"ts":1734446233396,"action":"IDE_ACTIVATED"}
{"ts":1734446234367,"action":"IDE_DEACTIVATED"}
{"ts":1734446245757,"action":"IDE_ACTIVATED"}
{"ts":1734446246282,"action":"IDE_DEACTIVATED"}
{"ts":1734446256401,"action":"IDE_ACTIVATED"}
{"ts":1734446256886,"action":"IDE_DEACTIVATED"}
{"ts":1734446267924,"action":"IDE_ACTIVATED"}
{"ts":1734446273245,"action":"FILE_CLOSED","file":"/frontend/package.json","tags":{"FILE_LINE_OF_CODE":"46"}}
{"ts":1734446273245,"action":"FILE_OPENED","file":"/frontend/src/App.vue","tags":{"FILE_LINE_OF_CODE":"21"}}
{"ts":1734446319378,"action":"IDE_DEACTIVATED"}
{"ts":1734446339256,"action":"IDE_ACTIVATED"}
{"ts":1734446344362,"action":"IDE_DEACTIVATED"}
{"ts":1734446345588,"action":"IDE_ACTIVATED"}
{"ts":1734446348305,"action":"IDE_DEACTIVATED"}
{"ts":1734446349300,"action":"IDE_ACTIVATED"}
{"ts":1734446356863,"action":"IDE_DEACTIVATED"}
{"ts":1734446358696,"action":"IDE_ACTIVATED"}
{"ts":1734446371583,"action":"IDE_DEACTIVATED"}
{"ts":1734446372494,"action":"IDE_ACTIVATED"}
{"ts":1734446383559,"action":"IDE_DEACTIVATED"}
{"ts":1734446389539,"action":"IDE_ACTIVATED"}
{"ts":1734446424194,"action":"FILE_CLOSED","file":"/frontend/src/App.vue","tags":{"FILE_LINE_OF_CODE":"21"}}
{"ts":1734446424194,"action":"FILE_OPENED","file":"/frontend/package.json","tags":{"FILE_LINE_OF_CODE":"46"}}
{"ts":1734446427703,"action":"FILE_CLOSED","file":"/frontend/package.json","tags":{"FILE_LINE_OF_CODE":"46"}}
{"ts":1734446427703,"action":"FILE_OPENED","file":"/frontend/src/App.vue","tags":{"FILE_LINE_OF_CODE":"21"}}
{"ts":1734446504718,"action":"IDE_DEACTIVATED"}
{"ts":1734446518565,"action":"IDE_ACTIVATED"}
{"ts":1734446518849,"action":"IDE_DEACTIVATED"}
{"ts":1734446520824,"action":"IDE_ACTIVATED"}
{"ts":1734446524261,"action":"FILE_CLOSED","file":"/frontend/src/App.vue","tags":{"FILE_LINE_OF_CODE":"21"}}
{"ts":1734446524300,"action":"PROJECT_CLOSED","tags":{"PROJECT_NAME":"atexotest"}}
{"ts":1734446525872,"action":"FILE_OPENED","file":"/frontend/package.json","tags":{"FILE_LINE_OF_CODE":"46"}}
{"ts":1734446526017,"action":"PROJECT_OPENED","tags":{"PROJECT_NAME":"atexotest"}}
{"ts":1734446527050,"action":"IDE_DEACTIVATED"}
{"ts":1734446528037,"action":"IDE_ACTIVATED"}
{"ts":1734446528063,"action":"FILE_CLOSED","file":"/frontend/package.json","tags":{"FILE_LINE_OF_CODE":"46"}}
{"ts":1734446528063,"action":"FILE_OPENED","file":"/frontend/src/App.vue","tags":{"FILE_LINE_OF_CODE":"21"}}
{"ts":1734446551377,"action":"IDE_DEACTIVATED"}
{"ts":1734446552110,"action":"IDE_ACTIVATED"}
{"ts":1734446560211,"action":"IDE_DEACTIVATED"}
{"ts":1734446582399,"action":"IDE_ACTIVATED"}
{"ts":1734446586515,"action":"IDE_DEACTIVATED"}
{"ts":1734446614829,"action":"IDE_ACTIVATED"}
{"ts":1734446631677,"action":"IDE_DEACTIVATED"}
{"ts":1734446633482,"action":"IDE_ACTIVATED"}
{"ts":1734446634597,"action":"IDE_DEACTIVATED"}
{"ts":1734446635556,"action":"IDE_ACTIVATED"}
{"ts":1734446639029,"action":"IDE_DEACTIVATED"}
{"ts":1734446640296,"action":"IDE_ACTIVATED"}
{"ts":1734446644971,"action":"IDE_DEACTIVATED"}
{"ts":1734446645565,"action":"IDE_ACTIVATED"}
{"ts":1734446657930,"action":"IDE_DEACTIVATED"}
{"ts":1734446687591,"action":"IDE_ACTIVATED"}
{"ts":1734446689158,"action":"IDE_DEACTIVATED"}
{"ts":1734446695544,"action":"IDE_ACTIVATED"}
{"ts":1734446698777,"action":"IDE_DEACTIVATED"}
{"ts":1734446702566,"action":"IDE_ACTIVATED"}
{"ts":1734446713991,"action":"FILE_CLOSED","file":"/frontend/src/App.vue","tags":{"FILE_LINE_OF_CODE":"21"}}
{"ts":1734446729035,"action":"FILE_OPENED","file":"/frontend/src/router/index.js","tags":{"FILE_LINE_OF_CODE":"11"}}
{"ts":1734446780874,"action":"FILE_CLOSED","file":"/frontend/src/router/index.js","tags":{"FILE_LINE_OF_CODE":"11"}}
{"ts":1734446833921,"action":"FILE_OPENED","file":"/frontend/src/router/index.js","tags":{"FILE_LINE_OF_CODE":"15"}}
{"ts":1734446840961,"action":"FILE_CLOSED","file":"/frontend/src/router/index.js","tags":{"FILE_LINE_OF_CODE":"15"}}
{"ts":1734446840961,"action":"FILE_OPENED","file":"/frontend/src/App.vue","tags":{"FILE_LINE_OF_CODE":"21"}}
{"ts":1734446894012,"action":"IDE_DEACTIVATED"}
{"ts":1734446899284,"action":"IDE_ACTIVATED"}
{"ts":1734446911527,"action":"IDE_DEACTIVATED"}
{"ts":1734446912910,"action":"IDE_ACTIVATED"}
{"ts":1734446913144,"action":"IDE_DEACTIVATED"}
{"ts":1734446914349,"action":"IDE_ACTIVATED"}
{"ts":1734446915112,"action":"IDE_DEACTIVATED"}
{"ts":1734446915683,"action":"IDE_ACTIVATED"}
{"ts":1734446919764,"action":"IDE_DEACTIVATED"}
{"ts":1734446920706,"action":"IDE_ACTIVATED"}
{"ts":1734446932086,"action":"FILE_CLOSED","file":"/frontend/src/App.vue","tags":{"FILE_LINE_OF_CODE":"19"}}
{"ts":1734446941270,"action":"FILE_OPENED","file":"/frontend/src/main.js","tags":{"FILE_LINE_OF_CODE":"8"}}
{"ts":1734446965670,"action":"FILE_CLOSED","file":"/frontend/src/main.js","tags":{"FILE_LINE_OF_CODE":"17"}}
{"ts":1734446966352,"action":"FILE_OPENED","file":"/frontend/src/main.js","tags":{"FILE_LINE_OF_CODE":"17"}}
{"ts":1734447028092,"action":"IDE_DEACTIVATED"}
{"ts":1734447028958,"action":"IDE_ACTIVATED"}
{"ts":1734447029216,"action":"IDE_DEACTIVATED"}
{"ts":1734447031070,"action":"IDE_ACTIVATED"}
{"ts":1734447037836,"action":"FILE_CLOSED","file":"/frontend/src/main.js","tags":{"FILE_LINE_OF_CODE":"9"}}
{"ts":1734447099422,"action":"IDE_DEACTIVATED"}
{"ts":1734447100138,"action":"IDE_ACTIVATED"}
{"ts":1734447100512,"action":"IDE_DEACTIVATED"}
{"ts":1734447102417,"action":"IDE_ACTIVATED"}
{"ts":1734447110523,"action":"IDE_DEACTIVATED"}
{"ts":1734447111194,"action":"IDE_ACTIVATED"}
{"ts":1734447148164,"action":"FILE_OPENED","file":"/frontend/src/views/GenerationPage.vue","tags":{"FILE_LINE_OF_CODE":"15"}}
{"ts":1734447152927,"action":"IDE_DEACTIVATED"}
{"ts":1734447154770,"action":"IDE_ACTIVATED"}
{"ts":1734447164314,"action":"FILE_CLOSED","file":"/frontend/src/views/GenerationPage.vue","tags":{"FILE_LINE_OF_CODE":"37"}}
{"ts":1734447165840,"action":"FILE_OPENED","file":"/frontend/src/views/GenerationPage.vue","tags":{"FILE_LINE_OF_CODE":"37"}}
{"ts":1734447180403,"action":"IDE_DEACTIVATED"}
{"ts":1734447183048,"action":"IDE_ACTIVATED"}
{"ts":1734447184073,"action":"IDE_DEACTIVATED"}
{"ts":1734447184795,"action":"IDE_ACTIVATED"}
{"ts":1734447208381,"action":"IDE_DEACTIVATED"}
{"ts":1734447209185,"action":"IDE_ACTIVATED"}
{"ts":1734447233154,"action":"FILE_CLOSED","file":"/frontend/src/views/GenerationPage.vue","tags":{"FILE_LINE_OF_CODE":"17"}}
{"ts":1734447233154,"action":"FILE_OPENED","file":"/frontend/src/App.vue","tags":{"FILE_LINE_OF_CODE":"19"}}
{"ts":1734447238704,"action":"FILE_CLOSED","file":"/frontend/src/App.vue","tags":{"FILE_LINE_OF_CODE":"19"}}
{"ts":1734447238704,"action":"FILE_OPENED","file":"/frontend/src/views/GenerationPage.vue","tags":{"FILE_LINE_OF_CODE":"17"}}
{"ts":1734447241352,"action":"FILE_CLOSED","file":"/frontend/src/views/GenerationPage.vue","tags":{"FILE_LINE_OF_CODE":"20"}}
{"ts":1734447241352,"action":"FILE_OPENED","file":"/frontend/src/App.vue","tags":{"FILE_LINE_OF_CODE":"19"}}
{"ts":1734447248372,"action":"FILE_CLOSED","file":"/frontend/src/App.vue","tags":{"FILE_LINE_OF_CODE":"18"}}
{"ts":1734447248372,"action":"FILE_OPENED","file":"/frontend/src/views/GenerationPage.vue","tags":{"FILE_LINE_OF_CODE":"20"}}
{"ts":1734447261135,"action":"FILE_CLOSED","file":"/frontend/src/views/GenerationPage.vue","tags":{"FILE_LINE_OF_CODE":"20"}}
{"ts":1734447273744,"action":"FILE_OPENED","file":"/frontend/src/components/NumberGenerator.vue","tags":{"FILE_LINE_OF_CODE":"58"}}
{"ts":1734447288644,"action":"IDE_DEACTIVATED"}
{"ts":1734447289527,"action":"IDE_ACTIVATED"}
{"ts":1734447294499,"action":"IDE_DEACTIVATED"}
{"ts":1734447296495,"action":"IDE_ACTIVATED"}
{"ts":1734447308565,"action":"IDE_DEACTIVATED"}
{"ts":1734447309081,"action":"IDE_ACTIVATED"}
{"ts":1734447402110,"action":"FILE_CLOSED","file":"/frontend/src/components/NumberGenerator.vue","tags":{"FILE_LINE_OF_CODE":"61"}}
{"ts":1734447402110,"action":"FILE_OPENED","file":"/frontend/src/App.vue","tags":{"FILE_LINE_OF_CODE":"18"}}
{"ts":1734447405201,"action":"FILE_CLOSED","file":"/frontend/src/App.vue","tags":{"FILE_LINE_OF_CODE":"18"}}
{"ts":1734447405201,"action":"FILE_OPENED","file":"/frontend/src/components/NumberGenerator.vue","tags":{"FILE_LINE_OF_CODE":"61"}}
{"ts":1734447479502,"action":"IDE_DEACTIVATED"}
{"ts":1734447521911,"action":"IDE_ACTIVATED"}
{"ts":1734447579969,"action":"IDE_DEACTIVATED"}
{"ts":1734447580894,"action":"IDE_ACTIVATED"}
{"ts":1734447581510,"action":"IDE_DEACTIVATED"}
{"ts":1734447660119,"action":"IDE_ACTIVATED"}
{"ts":1734447663240,"action":"IDE_DEACTIVATED"}
{"ts":1734447668676,"action":"IDE_ACTIVATED"}
{"ts":1734447669130,"action":"IDE_DEACTIVATED"}
{"ts":1734447671188,"action":"IDE_ACTIVATED"}
{"ts":1734447728692,"action":"IDE_DEACTIVATED"}
{"ts":1734447733424,"action":"IDE_ACTIVATED"}
{"ts":1734447776083,"action":"FILE_CLOSED","file":"/frontend/src/components/NumberGenerator.vue","tags":{"FILE_LINE_OF_CODE":"55"}}
{"ts":1734447806716,"action":"FILE_OPENED","file":"/frontend/src/App.vue","tags":{"FILE_LINE_OF_CODE":"18"}}
{"ts":1734447833344,"action":"IDE_DEACTIVATED"}
{"ts":1734447834999,"action":"IDE_ACTIVATED"}
{"ts":1734447849462,"action":"IDE_DEACTIVATED"}
{"ts":1734447850771,"action":"IDE_ACTIVATED"}
{"ts":1734447904231,"action":"IDE_DEACTIVATED"}
{"ts":1734447907239,"action":"IDE_ACTIVATED"}
{"ts":1734447907489,"action":"IDE_DEACTIVATED"}
{"ts":1734447909802,"action":"IDE_ACTIVATED"}
{"ts":1734447919908,"action":"IDE_DEACTIVATED"}
{"ts":1734447923236,"action":"IDE_ACTIVATED"}
{"ts":1734447929459,"action":"IDE_DEACTIVATED"}
{"ts":1734447937379,"action":"IDE_ACTIVATED"}
{"ts":1734447942979,"action":"IDE_DEACTIVATED"}
{"ts":1734447943819,"action":"IDE_ACTIVATED"}
{"ts":1734447944193,"action":"IDE_DEACTIVATED"}
{"ts":1734447945027,"action":"IDE_ACTIVATED"}
{"ts":1734447948202,"action":"FILE_CLOSED","file":"/frontend/src/App.vue","tags":{"FILE_LINE_OF_CODE":"24"}}
{"ts":1734447949270,"action":"FILE_OPENED","file":"/frontend/src/App.vue","tags":{"FILE_LINE_OF_CODE":"24"}}
{"ts":1734447951729,"action":"IDE_DEACTIVATED"}
{"ts":1734447954771,"action":"IDE_ACTIVATED"}
{"ts":1734447965937,"action":"FILE_CLOSED","file":"/frontend/src/App.vue","tags":{"FILE_LINE_OF_CODE":"24"}}
{"ts":1734447987985,"action":"IDE_DEACTIVATED"}
{"ts":1734447989265,"action":"IDE_ACTIVATED"}
{"ts":1734447989782,"action":"IDE_DEACTIVATED"}
{"ts":1734447990463,"action":"IDE_ACTIVATED"}
{"ts":1734447994175,"action":"IDE_DEACTIVATED"}
{"ts":1734447995508,"action":"IDE_ACTIVATED"}
{"ts":1734448011425,"action":"IDE_DEACTIVATED"}
{"ts":1734448016358,"action":"IDE_ACTIVATED"}
{"ts":1734448018155,"action":"FILE_OPENED","file":"/frontend/src/components/NumberGenerator.vue","tags":{"FILE_LINE_OF_CODE":"55"}}
{"ts":1734448021292,"action":"IDE_DEACTIVATED"}
{"ts":1734448022290,"action":"IDE_ACTIVATED"}
{"ts":1734448023203,"action":"FILE_CLOSED","file":"/frontend/src/components/NumberGenerator.vue","tags":{"FILE_LINE_OF_CODE":"55"}}
{"ts":1734448027439,"action":"FILE_OPENED","file":"/frontend/src/components/NumberGenerator.vue","tags":{"FILE_LINE_OF_CODE":"55"}}
{"ts":1734448031987,"action":"IDE_DEACTIVATED"}
{"ts":1734448032985,"action":"IDE_ACTIVATED"}
{"ts":1734448034962,"action":"IDE_DEACTIVATED"}
{"ts":1734448038228,"action":"IDE_ACTIVATED"}
{"ts":1734448039227,"action":"FILE_CLOSED","file":"/frontend/src/components/NumberGenerator.vue","tags":{"FILE_LINE_OF_CODE":"62"}}
{"ts":1734448052093,"action":"IDE_DEACTIVATED"}
{"ts":1734448053632,"action":"IDE_ACTIVATED"}
{"ts":1734448053908,"action":"IDE_DEACTIVATED"}
{"ts":1734448056137,"action":"IDE_ACTIVATED"}
{"ts":1734448058576,"action":"FILE_OPENED","file":"/frontend/src/components/NumberGenerator.vue","tags":{"FILE_LINE_OF_CODE":"62"}}
{"ts":1734448063379,"action":"IDE_DEACTIVATED"}
{"ts":1734448071606,"action":"IDE_ACTIVATED"}
{"ts":1734448074452,"action":"IDE_DEACTIVATED"}
{"ts":1734448078265,"action":"IDE_ACTIVATED"}
{"ts":1734448080499,"action":"FILE_CLOSED","file":"/frontend/src/components/NumberGenerator.vue","tags":{"FILE_LINE_OF_CODE":"61"}}
{"ts":1734448082995,"action":"FILE_OPENED","file":"/frontend/src/components/NumberGenerator.vue","tags":{"FILE_LINE_OF_CODE":"61"}}
{"ts":1734448091748,"action":"FILE_CLOSED","file":"/frontend/src/components/NumberGenerator.vue","tags":{"FILE_LINE_OF_CODE":"55"}}
{"ts":1734448100173,"action":"IDE_DEACTIVATED"}
{"ts":1734448101475,"action":"IDE_ACTIVATED"}
{"ts":1734448102338,"action":"IDE_DEACTIVATED"}
{"ts":1734448103107,"action":"IDE_ACTIVATED"}
{"ts":1734448104710,"action":"IDE_DEACTIVATED"}
{"ts":1734448105128,"action":"IDE_ACTIVATED"}
{"ts":1734448105543,"action":"IDE_DEACTIVATED"}
{"ts":1734448106318,"action":"IDE_ACTIVATED"}
{"ts":1734448112098,"action":"IDE_DEACTIVATED"}
{"ts":1734448120122,"action":"IDE_ACTIVATED"}
{"ts":1734448121219,"action":"FILE_OPENED","file":"/frontend/src/components/NumberGenerator.vue","tags":{"FILE_LINE_OF_CODE":"55"}}
{"ts":1734448149855,"action":"IDE_DEACTIVATED"}
{"ts":1734448156541,"action":"IDE_ACTIVATED"}
{"ts":1734448157706,"action":"IDE_DEACTIVATED"}
{"ts":1734448159459,"action":"IDE_ACTIVATED"}
{"ts":1734448162965,"action":"IDE_DEACTIVATED"}
{"ts":1734448163620,"action":"IDE_ACTIVATED"}
{"ts":1734448165452,"action":"FILE_CLOSED","file":"/frontend/src/components/NumberGenerator.vue","tags":{"FILE_LINE_OF_CODE":"55"}}
{"ts":1734448182698,"action":"IDE_DEACTIVATED"}
{"ts":1734448185383,"action":"IDE_ACTIVATED"}
{"ts":1734448191490,"action":"IDE_DEACTIVATED"}
{"ts":1734448192776,"action":"IDE_ACTIVATED"}
{"ts":1734448193079,"action":"IDE_DEACTIVATED"}
{"ts":1734448193492,"action":"IDE_ACTIVATED"}
{"ts":1734448195651,"action":"IDE_DEACTIVATED"}
{"ts":1734448198195,"action":"IDE_ACTIVATED"}
{"ts":1734448201518,"action":"IDE_DEACTIVATED"}
{"ts":1734448202202,"action":"IDE_ACTIVATED"}
{"ts":1734448207980,"action":"IDE_DEACTIVATED"}
{"ts":1734448209981,"action":"IDE_ACTIVATED"}
{"ts":1734448213085,"action":"IDE_DEACTIVATED"}
{"ts":1734448215054,"action":"IDE_ACTIVATED"}
{"ts":1734448216181,"action":"IDE_DEACTIVATED"}
{"ts":1734448216721,"action":"IDE_ACTIVATED"}
{"ts":1734448218550,"action":"IDE_DEACTIVATED"}
{"ts":1734448219290,"action":"IDE_ACTIVATED"}
{"ts":1734448226422,"action":"IDE_DEACTIVATED"}
{"ts":1734448227040,"action":"IDE_ACTIVATED"}
{"ts":1734448228906,"action":"IDE_DEACTIVATED"}
{"ts":1734448232233,"action":"IDE_ACTIVATED"}
{"ts":1734448234966,"action":"FILE_OPENED","file":"/frontend/src/components/NumberGenerator.vue","tags":{"FILE_LINE_OF_CODE":"55"}}
{"ts":1734448238465,"action":"IDE_DEACTIVATED"}
{"ts":1734448239238,"action":"IDE_ACTIVATED"}
{"ts":1734448317639,"action":"FILE_CLOSED","file":"/frontend/src/components/NumberGenerator.vue","tags":{"FILE_LINE_OF_CODE":"55"}}
{"ts":1734448320300,"action":"IDE_DEACTIVATED"}
{"ts":1734448322774,"action":"IDE_ACTIVATED"}
{"ts":1734448323482,"action":"IDE_DEACTIVATED"}
{"ts":1734448324757,"action":"IDE_ACTIVATED"}
{"ts":1734448387389,"action":"IDE_DEACTIVATED"}
{"ts":1734448388471,"action":"IDE_ACTIVATED"}
{"ts":1734448389040,"action":"IDE_DEACTIVATED"}
{"ts":1734448408005,"action":"IDE_ACTIVATED"}
{"ts":1734448408374,"action":"IDE_DEACTIVATED"}
{"ts":1734448416196,"action":"IDE_ACTIVATED"}
{"ts":1734448421658,"action":"FILE_OPENED","file":"/frontend/public/index.html","tags":{"FILE_LINE_OF_CODE":"18"}}
{"ts":1734448426191,"action":"FILE_CLOSED","file":"/frontend/public/index.html","tags":{"FILE_LINE_OF_CODE":"18"}}
{"ts":1734448435734,"action":"FILE_OPENED","file":"/frontend/src/App.vue","tags":{"FILE_LINE_OF_CODE":"25"}}
{"ts":1734448453548,"action":"IDE_DEACTIVATED"}
{"ts":1734448455576,"action":"IDE_ACTIVATED"}
{"ts":1734448456097,"action":"IDE_DEACTIVATED"}
{"ts":1734448461628,"action":"IDE_ACTIVATED"}
{"ts":1734448467852,"action":"FILE_CLOSED","file":"/frontend/src/App.vue","tags":{"FILE_LINE_OF_CODE":"25"}}
{"ts":1734448473989,"action":"IDE_DEACTIVATED"}
{"ts":1734448480037,"action":"IDE_ACTIVATED"}
{"ts":1734448481320,"action":"FILE_OPENED","file":"/frontend/src/App.vue","tags":{"FILE_LINE_OF_CODE":"25"}}
{"ts":1734448502168,"action":"IDE_DEACTIVATED"}
{"ts":1734448503218,"action":"IDE_ACTIVATED"}
{"ts":1734448509076,"action":"IDE_DEACTIVATED"}
{"ts":1734448510678,"action":"IDE_ACTIVATED"}
{"ts":1734448511271,"action":"IDE_DEACTIVATED"}
{"ts":1734448512178,"action":"IDE_ACTIVATED"}
{"ts":1734448514575,"action":"IDE_DEACTIVATED"}
{"ts":1734448515101,"action":"IDE_ACTIVATED"}
{"ts":1734448517109,"action":"IDE_DEACTIVATED"}
{"ts":1734448519766,"action":"IDE_ACTIVATED"}
{"ts":1734448528768,"action":"IDE_DEACTIVATED"}
{"ts":1734448529960,"action":"IDE_ACTIVATED"}
{"ts":1734448539335,"action":"FILE_CLOSED","file":"/frontend/src/App.vue","tags":{"FILE_LINE_OF_CODE":"28"}}
{"ts":1734448539335,"action":"FILE_OPENED","file":"/frontend/src/main.js","tags":{"FILE_LINE_OF_CODE":"9"}}
{"ts":1734448548111,"action":"FILE_CLOSED","file":"/frontend/src/main.js","tags":{"FILE_LINE_OF_CODE":"9"}}
{"ts":1734448548112,"action":"FILE_OPENED","file":"/frontend/src/App.vue","tags":{"FILE_LINE_OF_CODE":"28"}}
{"ts":1734448557966,"action":"IDE_DEACTIVATED"}
{"ts":1734448560679,"action":"IDE_ACTIVATED"}
{"ts":1734448570562,"action":"IDE_DEACTIVATED"}
{"ts":1734448571777,"action":"IDE_ACTIVATED"}
{"ts":1734448572017,"action":"IDE_DEACTIVATED"}
{"ts":1734448573325,"action":"IDE_ACTIVATED"}
{"ts":1734448578288,"action":"FILE_CLOSED","file":"/frontend/src/App.vue","tags":{"FILE_LINE_OF_CODE":"29"}}
{"ts":1734448580247,"action":"FILE_OPENED","file":"/frontend/public/index.html","tags":{"FILE_LINE_OF_CODE":"18"}}
{"ts":1734448606756,"action":"IDE_DEACTIVATED"}
{"ts":1734448607414,"action":"IDE_ACTIVATED"}
{"ts":1734448660366,"action":"FILE_CLOSED","file":"/frontend/public/index.html","tags":{"FILE_LINE_OF_CODE":"18"}}
{"ts":1734448661256,"action":"FILE_OPENED","file":"/frontend/public/index.html","tags":{"FILE_LINE_OF_CODE":"18"}}
{"ts":1734448666746,"action":"IDE_DEACTIVATED"}
{"ts":1734448668218,"action":"IDE_ACTIVATED"}
{"ts":1734448668946,"action":"FILE_CLOSED","file":"/frontend/public/index.html","tags":{"FILE_LINE_OF_CODE":"18"}}
{"ts":1734448669726,"action":"FILE_OPENED","file":"/frontend/public/index.html","tags":{"FILE_LINE_OF_CODE":"18"}}
{"ts":1734448670309,"action":"FILE_CLOSED","file":"/frontend/public/index.html","tags":{"FILE_LINE_OF_CODE":"18"}}
{"ts":1734448670309,"action":"FILE_OPENED","file":"/frontend/src/App.vue","tags":{"FILE_LINE_OF_CODE":"29"}}
{"ts":1734448680133,"action":"FILE_CLOSED","file":"/frontend/src/App.vue","tags":{"FILE_LINE_OF_CODE":"29"}}
{"ts":1734448680133,"action":"FILE_OPENED","file":"/frontend/public/index.html","tags":{"FILE_LINE_OF_CODE":"18"}}
{"ts":1734448687104,"action":"IDE_DEACTIVATED"}
{"ts":1734448697788,"action":"IDE_ACTIVATED"}
{"ts":1734448698880,"action":"FILE_CLOSED","file":"/frontend/public/index.html","tags":{"FILE_LINE_OF_CODE":"19"}}
{"ts":1734448698880,"action":"FILE_OPENED","file":"/frontend/src/App.vue","tags":{"FILE_LINE_OF_CODE":"29"}}
{"ts":1734448703742,"action":"FILE_CLOSED","file":"/frontend/src/App.vue","tags":{"FILE_LINE_OF_CODE":"29"}}
{"ts":1734448703742,"action":"FILE_OPENED","file":"/frontend/src/main.js","tags":{"FILE_LINE_OF_CODE":"9"}}
{"ts":1734448705594,"action":"FILE_CLOSED","file":"/frontend/src/main.js","tags":{"FILE_LINE_OF_CODE":"9"}}
{"ts":1734448709317,"action":"IDE_DEACTIVATED"}
{"ts":1734448712192,"action":"IDE_ACTIVATED"}
{"ts":1734448713580,"action":"IDE_DEACTIVATED"}
{"ts":1734448715093,"action":"IDE_ACTIVATED"}
{"ts":1734448715863,"action":"FILE_OPENED","file":"/frontend/src/main.js","tags":{"FILE_LINE_OF_CODE":"9"}}
{"ts":1734448720807,"action":"FILE_CLOSED","file":"/frontend/src/main.js","tags":{"FILE_LINE_OF_CODE":"9"}}
{"ts":1734448720807,"action":"FILE_OPENED","file":"/frontend/src/App.vue","tags":{"FILE_LINE_OF_CODE":"29"}}
{"ts":1734448726906,"action":"FILE_CLOSED","file":"/frontend/src/App.vue","tags":{"FILE_LINE_OF_CODE":"29"}}
{"ts":1734448726906,"action":"FILE_OPENED","file":"/frontend/src/components/NumberGenerator.vue","tags":{"FILE_LINE_OF_CODE":"55"}}
{"ts":1734448731994,"action":"FILE_CLOSED","file":"/frontend/src/components/NumberGenerator.vue","tags":{"FILE_LINE_OF_CODE":"55"}}
{"ts":1734448731994,"action":"FILE_OPENED","file":"/frontend/src/views/GenerationPage.vue","tags":{"FILE_LINE_OF_CODE":"28"}}
{"ts":1734448737581,"action":"FILE_CLOSED","file":"/frontend/src/views/GenerationPage.vue","tags":{"FILE_LINE_OF_CODE":"28"}}
{"ts":1734448737581,"action":"FILE_OPENED","file":"/frontend/src/App.vue","tags":{"FILE_LINE_OF_CODE":"29"}}
{"ts":1734448779620,"action":"IDE_DEACTIVATED"}
{"ts":1734448780553,"action":"IDE_ACTIVATED"}
{"ts":1734448795741,"action":"IDE_DEACTIVATED"}
{"ts":1734448797289,"action":"IDE_ACTIVATED"}
{"ts":1734448797672,"action":"IDE_DEACTIVATED"}
{"ts":1734448805708,"action":"IDE_ACTIVATED"}
{"ts":1734448806842,"action":"FILE_CLOSED","file":"/frontend/src/App.vue","tags":{"FILE_LINE_OF_CODE":"37"}}
{"ts":1734448806842,"action":"FILE_OPENED","file":"/frontend/src/views/GenerationPage.vue","tags":{"FILE_LINE_OF_CODE":"28"}}
{"ts":1734448807336,"action":"FILE_CLOSED","file":"/frontend/src/views/GenerationPage.vue","tags":{"FILE_LINE_OF_CODE":"28"}}
{"ts":1734448807336,"action":"FILE_OPENED","file":"/frontend/src/App.vue","tags":{"FILE_LINE_OF_CODE":"37"}}
{"ts":1734448808442,"action":"FILE_CLOSED","file":"/frontend/src/App.vue","tags":{"FILE_LINE_OF_CODE":"37"}}
{"ts":1734448808442,"action":"FILE_OPENED","file":"/frontend/src/components/NumberGenerator.vue","tags":{"FILE_LINE_OF_CODE":"55"}}
{"ts":1734448813924,"action":"FILE_CLOSED","file":"/frontend/src/components/NumberGenerator.vue","tags":{"FILE_LINE_OF_CODE":"54"}}
{"ts":1734448813924,"action":"FILE_OPENED","file":"/frontend/src/views/GenerationPage.vue","tags":{"FILE_LINE_OF_CODE":"28"}}
{"ts":1734448817405,"action":"IDE_DEACTIVATED"}
{"ts":1734448825430,"action":"IDE_ACTIVATED"}
{"ts":1734448826150,"action":"FILE_CLOSED","file":"/frontend/src/views/GenerationPage.vue","tags":{"FILE_LINE_OF_CODE":"28"}}
{"ts":1734448826150,"action":"FILE_OPENED","file":"/frontend/src/components/NumberGenerator.vue","tags":{"FILE_LINE_OF_CODE":"54"}}
{"ts":1734448827114,"action":"FILE_CLOSED","file":"/frontend/src/components/NumberGenerator.vue","tags":{"FILE_LINE_OF_CODE":"54"}}
{"ts":1734448827114,"action":"FILE_OPENED","file":"/frontend/src/App.vue","tags":{"FILE_LINE_OF_CODE":"37"}}
{"ts":1734448831180,"action":"FILE_CLOSED","file":"/frontend/src/App.vue","tags":{"FILE_LINE_OF_CODE":"37"}}
{"ts":1734448831180,"action":"FILE_OPENED","file":"/frontend/src/components/NumberGenerator.vue","tags":{"FILE_LINE_OF_CODE":"54"}}
{"ts":1734448832009,"action":"FILE_CLOSED","file":"/frontend/src/components/NumberGenerator.vue","tags":{"FILE_LINE_OF_CODE":"54"}}
{"ts":1734448832009,"action":"FILE_OPENED","file":"/frontend/src/App.vue","tags":{"FILE_LINE_OF_CODE":"37"}}
{"ts":1734448832440,"action":"IDE_DEACTIVATED"}
{"ts":1734448833562,"action":"IDE_ACTIVATED"}
{"ts":1734448837459,"action":"IDE_DEACTIVATED"}
{"ts":1734448846458,"action":"IDE_ACTIVATED"}
{"ts":1734448874791,"action":"IDE_DEACTIVATED"}
{"ts":1734448876457,"action":"IDE_ACTIVATED"}
{"ts":1734448882802,"action":"IDE_DEACTIVATED"}
{"ts":1734448891852,"action":"IDE_ACTIVATED"}
{"ts":1734448893360,"action":"IDE_DEACTIVATED"}
{"ts":1734448897161,"action":"IDE_ACTIVATED"}
{"ts":1734448913078,"action":"FILE_CLOSED","file":"/frontend/src/App.vue","tags":{"FILE_LINE_OF_CODE":"39"}}
{"ts":1734448965719,"action":"FILE_OPENED","file":"/frontend/src/App.vue","tags":{"FILE_LINE_OF_CODE":"39"}}
{"ts":1734448966838,"action":"FILE_CLOSED","file":"/frontend/src/App.vue","tags":{"FILE_LINE_OF_CODE":"39"}}
{"ts":1734448972903,"action":"FILE_OPENED","file":"/frontend/src/router/index.js","tags":{"FILE_LINE_OF_CODE":"14"}}
{"ts":1734448983166,"action":"IDE_DEACTIVATED"}
{"ts":1734448984153,"action":"IDE_ACTIVATED"}
{"ts":1734448984405,"action":"IDE_DEACTIVATED"}
{"ts":1734448987016,"action":"IDE_ACTIVATED"}
{"ts":1734449028548,"action":"IDE_DEACTIVATED"}
{"ts":1734449029457,"action":"IDE_ACTIVATED"}
{"ts":1734449038621,"action":"IDE_DEACTIVATED"}
{"ts":1734449042911,"action":"IDE_ACTIVATED"}
{"ts":1734449050040,"action":"FILE_CLOSED","file":"/frontend/src/router/index.js","tags":{"FILE_LINE_OF_CODE":"15"}}
{"ts":1734449055666,"action":"FILE_OPENED","file":"/frontend/src/router/index.js","tags":{"FILE_LINE_OF_CODE":"15"}}
{"ts":1734449070034,"action":"FILE_CLOSED","file":"/frontend/src/router/index.js","tags":{"FILE_LINE_OF_CODE":"15"}}
{"ts":1734449170726,"action":"IDE_DEACTIVATED"}
{"ts":1734449175888,"action":"IDE_ACTIVATED"}
{"ts":1734449176308,"action":"IDE_DEACTIVATED"}
{"ts":1734449203133,"action":"IDE_ACTIVATED"}
{"ts":1734449224296,"action":"IDE_DEACTIVATED"}
{"ts":1734449251994,"action":"IDE_ACTIVATED"}
{"ts":1734449260674,"action":"FILE_OPENED","file":"/frontend/src/router/index.js","tags":{"FILE_LINE_OF_CODE":"15"}}
{"ts":1734449337399,"action":"FILE_CLOSED","file":"/frontend/src/router/index.js","tags":{"FILE_LINE_OF_CODE":"15"}}
{"ts":1734449374365,"action":"FILE_OPENED","file":"/frontend/src/App.vue","tags":{"FILE_LINE_OF_CODE":"39"}}
{"ts":1734449376780,"action":"FILE_CLOSED","file":"/frontend/src/App.vue","tags":{"FILE_LINE_OF_CODE":"39"}}
{"ts":1734449376780,"action":"FILE_OPENED","file":"/frontend/src/router/index.js","tags":{"FILE_LINE_OF_CODE":"15"}}
{"ts":1734449377789,"action":"IDE_DEACTIVATED"}
{"ts":1734449378591,"action":"IDE_ACTIVATED"}
{"ts":1734449378906,"action":"IDE_DEACTIVATED"}
{"ts":1734449380342,"action":"IDE_ACTIVATED"}
{"ts":1734449397542,"action":"IDE_DEACTIVATED"}
{"ts":1734449463371,"action":"IDE_ACTIVATED"}
{"ts":1734449468159,"action":"IDE_DEACTIVATED"}
{"ts":1734449469657,"action":"IDE_ACTIVATED"}
{"ts":1734449470995,"action":"IDE_DEACTIVATED"}
{"ts":1734449472232,"action":"IDE_ACTIVATED"}
{"ts":1734449479305,"action":"FILE_CLOSED","file":"/frontend/src/router/index.js","tags":{"FILE_LINE_OF_CODE":"18"}}
{"ts":1734449479305,"action":"FILE_OPENED","file":"/frontend/src/components/ConfigurationForm.vue","tags":{"FILE_LINE_OF_CODE":"0"}}
{"ts":1734449492682,"action":"FILE_OPENED","file":"/frontend/src/components/ConfigurationForm.vue","tags":{"FILE_LINE_OF_CODE":"13"}}
{"ts":1734449495674,"action":"IDE_DEACTIVATED"}
{"ts":1734449496506,"action":"IDE_ACTIVATED"}
{"ts":1734449496935,"action":"IDE_DEACTIVATED"}
{"ts":1734449500835,"action":"IDE_ACTIVATED"}
{"ts":1734449516799,"action":"IDE_DEACTIVATED"}
{"ts":1734449521949,"action":"IDE_ACTIVATED"}
{"ts":1734449522446,"action":"IDE_DEACTIVATED"}
{"ts":1734449527894,"action":"IDE_ACTIVATED"}
{"ts":1734449535232,"action":"FILE_CLOSED","file":"/frontend/src/components/ConfigurationForm.vue","tags":{"FILE_LINE_OF_CODE":"51"}}
{"ts":1734449535233,"action":"FILE_OPENED","file":"/frontend/src/views/ConfigurationPage.vue","tags":{"FILE_LINE_OF_CODE":"13"}}
{"ts":1734449536339,"action":"IDE_DEACTIVATED"}
{"ts":1734449538481,"action":"IDE_ACTIVATED"}
{"ts":1734449555250,"action":"FILE_CLOSED","file":"/frontend/src/views/ConfigurationPage.vue","tags":{"FILE_LINE_OF_CODE":"21"}}
{"ts":1734449555250,"action":"FILE_OPENED","file":"/frontend/src/views/GenerationPage.vue","tags":{"FILE_LINE_OF_CODE":"28"}}
{"ts":1734449560637,"action":"FILE_CLOSED","file":"/frontend/src/views/GenerationPage.vue","tags":{"FILE_LINE_OF_CODE":"28"}}
{"ts":1734449560637,"action":"FILE_OPENED","file":"/frontend/src/views/ConfigurationPage.vue","tags":{"FILE_LINE_OF_CODE":"21"}}
{"ts":1734449576733,"action":"FILE_CLOSED","file":"/frontend/src/views/ConfigurationPage.vue","tags":{"FILE_LINE_OF_CODE":"27"}}
{"ts":1734449576733,"action":"FILE_OPENED","file":"/frontend/src/views/GenerationPage.vue","tags":{"FILE_LINE_OF_CODE":"28"}}
{"ts":1734449579207,"action":"FILE_CLOSED","file":"/frontend/src/views/GenerationPage.vue","tags":{"FILE_LINE_OF_CODE":"28"}}
{"ts":1734449579207,"action":"FILE_OPENED","file":"/frontend/src/views/ConfigurationPage.vue","tags":{"FILE_LINE_OF_CODE":"27"}}
{"ts":1734449581027,"action":"FILE_CLOSED","file":"/frontend/src/views/ConfigurationPage.vue","tags":{"FILE_LINE_OF_CODE":"28"}}
{"ts":1734449581027,"action":"FILE_OPENED","file":"/frontend/src/views/GenerationPage.vue","tags":{"FILE_LINE_OF_CODE":"28"}}
{"ts":1734449583031,"action":"FILE_CLOSED","file":"/frontend/src/views/GenerationPage.vue","tags":{"FILE_LINE_OF_CODE":"28"}}
{"ts":1734449583031,"action":"FILE_OPENED","file":"/frontend/src/views/ConfigurationPage.vue","tags":{"FILE_LINE_OF_CODE":"28"}}
{"ts":1734449590133,"action":"FILE_CLOSED","file":"/frontend/src/views/ConfigurationPage.vue","tags":{"FILE_LINE_OF_CODE":"29"}}
{"ts":1734449590133,"action":"FILE_OPENED","file":"/frontend/src/views/GenerationPage.vue","tags":{"FILE_LINE_OF_CODE":"28"}}
{"ts":1734449590844,"action":"IDE_DEACTIVATED"}
{"ts":1734449591838,"action":"IDE_ACTIVATED"}
{"ts":1734449592258,"action":"IDE_DEACTIVATED"}
{"ts":1734449596257,"action":"IDE_ACTIVATED"}
{"ts":1734449597425,"action":"IDE_DEACTIVATED"}
{"ts":1734449598377,"action":"IDE_ACTIVATED"}
{"ts":1734449599442,"action":"IDE_DEACTIVATED"}
{"ts":1734449600163,"action":"IDE_ACTIVATED"}
{"ts":1734449602825,"action":"FILE_CLOSED","file":"/frontend/src/views/GenerationPage.vue","tags":{"FILE_LINE_OF_CODE":"28"}}
{"ts":1734449602825,"action":"FILE_OPENED","file":"/frontend/src/router/index.js","tags":{"FILE_LINE_OF_CODE":"18"}}
{"ts":1734449607352,"action":"IDE_DEACTIVATED"}
{"ts":1734449607894,"action":"IDE_ACTIVATED"}
{"ts":1734449608887,"action":"IDE_DEACTIVATED"}
{"ts":1734449618678,"action":"IDE_ACTIVATED"}
{"ts":1734449633593,"action":"IDE_DEACTIVATED"}
{"ts":1734449668563,"action":"IDE_ACTIVATED"}
{"ts":1734449669566,"action":"IDE_DEACTIVATED"}
{"ts":1734449670487,"action":"IDE_ACTIVATED"}
{"ts":1734449670828,"action":"IDE_DEACTIVATED"}
{"ts":1734449676224,"action":"IDE_ACTIVATED"}
{"ts":1734449680121,"action":"FILE_CLOSED","file":"/frontend/src/router/index.js","tags":{"FILE_LINE_OF_CODE":"19"}}
{"ts":1734449680121,"action":"FILE_OPENED","file":"/frontend/src/components/ConfigurationForm.vue","tags":{"FILE_LINE_OF_CODE":"51"}}
{"ts":1734449693167,"action":"IDE_DEACTIVATED"}
{"ts":1734449717505,"action":"IDE_ACTIVATED"}
{"ts":1734449718139,"action":"IDE_DEACTIVATED"}
{"ts":1734449720538,"action":"IDE_ACTIVATED"}
{"ts":1734449721935,"action":"IDE_DEACTIVATED"}
{"ts":1734449722485,"action":"IDE_ACTIVATED"}
{"ts":1734449722889,"action":"IDE_DEACTIVATED"}
{"ts":1734449723504,"action":"IDE_ACTIVATED"}
{"ts":1734449723968,"action":"IDE_DEACTIVATED"}
{"ts":1734449793701,"action":"IDE_ACTIVATED"}
{"ts":1734449794255,"action":"IDE_DEACTIVATED"}
{"ts":1734449812093,"action":"IDE_ACTIVATED"}
{"ts":1734449867529,"action":"IDE_DEACTIVATED"}
{"ts":1734449871930,"action":"IDE_ACTIVATED"}
{"ts":1734449896649,"action":"FILE_CLOSED","file":"/frontend/src/components/ConfigurationForm.vue","tags":{"FILE_LINE_OF_CODE":"51"}}
{"ts":1734449915712,"action":"FILE_OPENED","file":"/frontend/src/components/ConfigurationForm.vue","tags":{"FILE_LINE_OF_CODE":"51"}}
{"ts":1734449936831,"action":"FILE_CLOSED","file":"/frontend/src/components/ConfigurationForm.vue","tags":{"FILE_LINE_OF_CODE":"51"}}
{"ts":1734449936831,"action":"FILE_OPENED","file":"/frontend/src/services/apiService.js","tags":{"FILE_LINE_OF_CODE":"20"}}
{"ts":1734449942582,"action":"FILE_CLOSED","file":"/frontend/src/services/apiService.js","tags":{"FILE_LINE_OF_CODE":"20"}}
{"ts":1734449942582,"action":"FILE_OPENED","file":"/frontend/src/components/ConfigurationForm.vue","tags":{"FILE_LINE_OF_CODE":"51"}}
{"ts":1734449956760,"action":"IDE_DEACTIVATED"}
{"ts":1734449965658,"action":"IDE_ACTIVATED"}
{"ts":1734449973990,"action":"IDE_DEACTIVATED"}
{"ts":1734449979595,"action":"IDE_ACTIVATED"}
{"ts":1734449985765,"action":"IDE_DEACTIVATED"}
{"ts":1734449986421,"action":"IDE_ACTIVATED"}
{"ts":1734449986734,"action":"IDE_DEACTIVATED"}
{"ts":1734450014042,"action":"IDE_ACTIVATED"}
{"ts":1734450014714,"action":"IDE_DEACTIVATED"}
{"ts":1734450015162,"action":"IDE_ACTIVATED"}
{"ts":1734450015815,"action":"IDE_DEACTIVATED"}
{"ts":1734450022290,"action":"IDE_ACTIVATED"}
{"ts":1734450029862,"action":"FILE_CLOSED","file":"/frontend/src/components/ConfigurationForm.vue","tags":{"FILE_LINE_OF_CODE":"51"}}
{"ts":1734450029862,"action":"FILE_OPENED","file":"/frontend/src/views/ConfigurationPage.vue","tags":{"FILE_LINE_OF_CODE":"29"}}
{"ts":1734450034654,"action":"IDE_DEACTIVATED"}
{"ts":1734450035212,"action":"IDE_ACTIVATED"}
{"ts":1734450037208,"action":"FILE_CLOSED","file":"/frontend/src/views/ConfigurationPage.vue","tags":{"FILE_LINE_OF_CODE":"28"}}
{"ts":1734450037208,"action":"FILE_OPENED","file":"/frontend/src/views/GenerationPage.vue","tags":{"FILE_LINE_OF_CODE":"28"}}
{"ts":1734450039972,"action":"FILE_CLOSED","file":"/frontend/src/views/GenerationPage.vue","tags":{"FILE_LINE_OF_CODE":"28"}}
{"ts":1734450039972,"action":"FILE_OPENED","file":"/frontend/src/views/ConfigurationPage.vue","tags":{"FILE_LINE_OF_CODE":"28"}}
{"ts":1734450042838,"action":"FILE_CLOSED","file":"/frontend/src/views/ConfigurationPage.vue","tags":{"FILE_LINE_OF_CODE":"29"}}
{"ts":1734450042838,"action":"FILE_OPENED","file":"/frontend/src/components/ConfigurationForm.vue","tags":{"FILE_LINE_OF_CODE":"51"}}
{"ts":1734450046626,"action":"IDE_DEACTIVATED"}
{"ts":1734450053986,"action":"IDE_ACTIVATED"}
{"ts":1734450054824,"action":"IDE_DEACTIVATED"}
{"ts":1734450060657,"action":"IDE_ACTIVATED"}
{"ts":1734450062872,"action":"FILE_CLOSED","file":"/frontend/src/components/ConfigurationForm.vue","tags":{"FILE_LINE_OF_CODE":"50"}}
{"ts":1734450062872,"action":"FILE_OPENED","file":"/frontend/src/views/GenerationPage.vue","tags":{"FILE_LINE_OF_CODE":"28"}}
{"ts":1734450065567,"action":"FILE_CLOSED","file":"/frontend/src/views/GenerationPage.vue","tags":{"FILE_LINE_OF_CODE":"28"}}
{"ts":1734450065567,"action":"FILE_OPENED","file":"/frontend/src/views/ConfigurationPage.vue","tags":{"FILE_LINE_OF_CODE":"29"}}
{"ts":1734450067608,"action":"FILE_CLOSED","file":"/frontend/src/views/ConfigurationPage.vue","tags":{"FILE_LINE_OF_CODE":"29"}}
{"ts":1734450067608,"action":"FILE_OPENED","file":"/frontend/src/views/GenerationPage.vue","tags":{"FILE_LINE_OF_CODE":"28"}}
{"ts":1734450071249,"action":"FILE_CLOSED","file":"/frontend/src/views/GenerationPage.vue","tags":{"FILE_LINE_OF_CODE":"28"}}
{"ts":1734450071249,"action":"FILE_OPENED","file":"/frontend/src/views/ConfigurationPage.vue","tags":{"FILE_LINE_OF_CODE":"29"}}
{"ts":1734450077551,"action":"FILE_CLOSED","file":"/frontend/src/views/ConfigurationPage.vue","tags":{"FILE_LINE_OF_CODE":"27"}}
{"ts":1734450077551,"action":"FILE_OPENED","file":"/frontend/src/views/GenerationPage.vue","tags":{"FILE_LINE_OF_CODE":"28"}}
{"ts":1734450080223,"action":"IDE_DEACTIVATED"}
{"ts":1734450081731,"action":"IDE_ACTIVATED"}
{"ts":1734450082477,"action":"IDE_DEACTIVATED"}
{"ts":1734450087113,"action":"IDE_ACTIVATED"}
{"ts":1734450092775,"action":"FILE_CLOSED","file":"/frontend/src/views/GenerationPage.vue","tags":{"FILE_LINE_OF_CODE":"27"}}
{"ts":1734450092775,"action":"FILE_OPENED","file":"/frontend/src/views/ConfigurationPage.vue","tags":{"FILE_LINE_OF_CODE":"27"}}
{"ts":1734450095355,"action":"IDE_DEACTIVATED"}
{"ts":1734450109835,"action":"IDE_ACTIVATED"}
{"ts":1734450110577,"action":"IDE_DEACTIVATED"}
{"ts":1734450131778,"action":"IDE_ACTIVATED"}
{"ts":1734450132268,"action":"IDE_DEACTIVATED"}
{"ts":1734450134409,"action":"IDE_ACTIVATED"}
{"ts":1734450135139,"action":"IDE_DEACTIVATED"}
{"ts":1734450213313,"action":"IDE_ACTIVATED"}
{"ts":1734450214102,"action":"IDE_DEACTIVATED"}
{"ts":1734450217060,"action":"IDE_ACTIVATED"}
{"ts":1734450217772,"action":"IDE_DEACTIVATED"}
{"ts":1734450218843,"action":"IDE_ACTIVATED"}
{"ts":1734450219472,"action":"IDE_DEACTIVATED"}
{"ts":1734450220873,"action":"IDE_ACTIVATED"}
{"ts":1734450221532,"action":"IDE_DEACTIVATED"}
{"ts":1734450234150,"action":"IDE_ACTIVATED"}
{"ts":1734450235144,"action":"IDE_DEACTIVATED"}
{"ts":1734450377576,"action":"IDE_ACTIVATED"}
{"ts":1734450380497,"action":"FILE_CLOSED","file":"/frontend/src/views/ConfigurationPage.vue","tags":{"FILE_LINE_OF_CODE":"27"}}
{"ts":1734450380497,"action":"FILE_OPENED","file":"/frontend/src/views/GenerationPage.vue","tags":{"FILE_LINE_OF_CODE":"27"}}
{"ts":1734450382581,"action":"FILE_CLOSED","file":"/frontend/src/views/GenerationPage.vue","tags":{"FILE_LINE_OF_CODE":"27"}}
{"ts":1734450382581,"action":"FILE_OPENED","file":"/frontend/src/views/ConfigurationPage.vue","tags":{"FILE_LINE_OF_CODE":"27"}}
{"ts":1734450385200,"action":"FILE_CLOSED","file":"/frontend/src/views/ConfigurationPage.vue","tags":{"FILE_LINE_OF_CODE":"27"}}
{"ts":1734450385200,"action":"FILE_OPENED","file":"/frontend/src/components/ConfigurationForm.vue","tags":{"FILE_LINE_OF_CODE":"50"}}
{"ts":1734450387173,"action":"IDE_DEACTIVATED"}
{"ts":1734450395253,"action":"IDE_ACTIVATED"}
{"ts":1734450399180,"action":"IDE_DEACTIVATED"}
{"ts":1734450399999,"action":"IDE_ACTIVATED"}
{"ts":1734450400423,"action":"IDE_DEACTIVATED"}
{"ts":1734450401657,"action":"IDE_ACTIVATED"}
{"ts":1734450420041,"action":"IDE_DEACTIVATED"}
{"ts":1734450420713,"action":"IDE_ACTIVATED"}
{"ts":1734450438216,"action":"FILE_CLOSED","file":"/frontend/src/components/ConfigurationForm.vue","tags":{"FILE_LINE_OF_CODE":"50"}}
{"ts":1734450461876,"action":"IDE_DEACTIVATED"}
{"ts":1734450463553,"action":"IDE_ACTIVATED"}
{"ts":1734450464511,"action":"FILE_OPENED","file":"/frontend/src/components/ConfigurationForm.vue","tags":{"FILE_LINE_OF_CODE":"84"}}
{"ts":1734450473817,"action":"IDE_DEACTIVATED"}
{"ts":1734450483566,"action":"IDE_ACTIVATED"}
{"ts":1734450498399,"action":"IDE_DEACTIVATED"}
{"ts":1734450502638,"action":"IDE_ACTIVATED"}
{"ts":1734450516127,"action":"IDE_DEACTIVATED"}
{"ts":1734450525461,"action":"IDE_ACTIVATED"}
{"ts":1734450528591,"action":"IDE_DEACTIVATED"}
{"ts":1734450530778,"action":"IDE_ACTIVATED"}
{"ts":1734450531556,"action":"IDE_DEACTIVATED"}
{"ts":1734450535089,"action":"IDE_ACTIVATED"}
{"ts":1734450535409,"action":"IDE_DEACTIVATED"}
{"ts":1734450536237,"action":"IDE_ACTIVATED"}
{"ts":1734450602801,"action":"IDE_DEACTIVATED"}
{"ts":1734450613903,"action":"IDE_ACTIVATED"}
{"ts":1734450639587,"action":"IDE_DEACTIVATED"}
{"ts":1734450643995,"action":"IDE_ACTIVATED"}
{"ts":1734450645517,"action":"IDE_DEACTIVATED"}
{"ts":1734450646052,"action":"IDE_ACTIVATED"}
{"ts":1734450646473,"action":"IDE_DEACTIVATED"}
{"ts":1734450649108,"action":"IDE_ACTIVATED"}
{"ts":1734451870928,"action":"IDE_DEACTIVATED"}
{"ts":1734463816132,"action":"IDE_ACTIVATED"}
{"ts":1734463822119,"action":"IDE_DEACTIVATED"}
{"ts":1734463838291,"action":"IDE_ACTIVATED"}
{"ts":1734463839938,"action":"IDE_DEACTIVATED"}
{"ts":1734463842798,"action":"IDE_ACTIVATED"}
{"ts":1734463842804,"action":"IDE_DEACTIVATED"}
{"ts":1734463965683,"action":"IDE_ACTIVATED"}
{"ts":1734464016367,"action":"IDE_DEACTIVATED"}
{"ts":1734464018605,"action":"IDE_ACTIVATED"}
{"ts":1734464018972,"action":"IDE_DEACTIVATED"}
{"ts":1734464019892,"action":"IDE_ACTIVATED"}
{"ts":1734464020821,"action":"IDE_DEACTIVATED"}
{"ts":1734464021799,"action":"IDE_ACTIVATED"}
{"ts":1734464035912,"action":"IDE_DEACTIVATED"}
{"ts":1734464037227,"action":"IDE_ACTIVATED"}
{"ts":1734464052337,"action":"IDE_DEACTIVATED"}
{"ts":1734464081261,"action":"IDE_ACTIVATED"}
{"ts":1734464083482,"action":"IDE_DEACTIVATED"}
{"ts":1734464117475,"action":"IDE_ACTIVATED"}
{"ts":1734464118533,"action":"IDE_DEACTIVATED"}
{"ts":1734464125866,"action":"IDE_ACTIVATED"}
{"ts":1734464140361,"action":"FILE_CLOSED","file":"/frontend/src/components/ConfigurationForm.vue","tags":{"FILE_LINE_OF_CODE":"82"}}
{"ts":1734464140361,"action":"FILE_OPENED","file":"/frontend/src/views/ConfigurationPage.vue","tags":{"FILE_LINE_OF_CODE":"27"}}
{"ts":1734464146609,"action":"FILE_CLOSED","file":"/frontend/src/views/ConfigurationPage.vue","tags":{"FILE_LINE_OF_CODE":"27"}}
{"ts":1734464146609,"action":"FILE_OPENED","file":"/frontend/src/components/ConfigurationForm.vue","tags":{"FILE_LINE_OF_CODE":"82"}}
{"ts":1734464147450,"action":"FILE_CLOSED","file":"/frontend/src/components/ConfigurationForm.vue","tags":{"FILE_LINE_OF_CODE":"82"}}
{"ts":1734464147450,"action":"FILE_OPENED","file":"/frontend/src/views/ConfigurationPage.vue","tags":{"FILE_LINE_OF_CODE":"27"}}
{"ts":1734464148179,"action":"FILE_CLOSED","file":"/frontend/src/views/ConfigurationPage.vue","tags":{"FILE_LINE_OF_CODE":"27"}}
{"ts":1734464148179,"action":"FILE_OPENED","file":"/frontend/src/components/ConfigurationForm.vue","tags":{"FILE_LINE_OF_CODE":"82"}}
{"ts":1734464148703,"action":"IDE_DEACTIVATED"}
{"ts":1734464150634,"action":"IDE_ACTIVATED"}
{"ts":1734464154636,"action":"IDE_DEACTIVATED"}
{"ts":1734464159701,"action":"IDE_ACTIVATED"}
{"ts":1734464165671,"action":"IDE_DEACTIVATED"}
{"ts":1734464167003,"action":"IDE_ACTIVATED"}
{"ts":1734464168055,"action":"IDE_DEACTIVATED"}
{"ts":1734464169238,"action":"IDE_ACTIVATED"}
{"ts":1734464170020,"action":"IDE_DEACTIVATED"}
{"ts":1734464176302,"action":"IDE_ACTIVATED"}
{"ts":1734464180586,"action":"IDE_DEACTIVATED"}
{"ts":1734464215839,"action":"IDE_ACTIVATED"}
{"ts":1734464225034,"action":"IDE_DEACTIVATED"}
{"ts":1734464228362,"action":"IDE_ACTIVATED"}
{"ts":1734464233543,"action":"IDE_DEACTIVATED"}
{"ts":1734464234617,"action":"IDE_ACTIVATED"}
{"ts":1734464236906,"action":"FILE_CLOSED","file":"/frontend/src/components/ConfigurationForm.vue","tags":{"FILE_LINE_OF_CODE":"83"}}
{"ts":1734464247471,"action":"FILE_OPENED","file":"/frontend/src/components/ConfigurationForm.vue","tags":{"FILE_LINE_OF_CODE":"83"}}
{"ts":1734464282876,"action":"IDE_DEACTIVATED"}
{"ts":1734464285232,"action":"IDE_ACTIVATED"}
{"ts":1734464290083,"action":"IDE_DEACTIVATED"}
{"ts":1734464295749,"action":"IDE_ACTIVATED"}
{"ts":1734464296147,"action":"IDE_DEACTIVATED"}
{"ts":1734464297251,"action":"IDE_ACTIVATED"}
{"ts":1734464310323,"action":"IDE_DEACTIVATED"}
{"ts":1734464315133,"action":"IDE_ACTIVATED"}
{"ts":1734464318103,"action":"IDE_DEACTIVATED"}
{"ts":1734464319856,"action":"IDE_ACTIVATED"}
{"ts":1734464321997,"action":"IDE_DEACTIVATED"}
{"ts":1734464322416,"action":"IDE_ACTIVATED"}
{"ts":1734464351071,"action":"IDE_DEACTIVATED"}
{"ts":1734464352592,"action":"IDE_ACTIVATED"}
{"ts":1734464353067,"action":"IDE_DEACTIVATED"}
{"ts":1734464354873,"action":"IDE_ACTIVATED"}
{"ts":1734464358941,"action":"IDE_DEACTIVATED"}
{"ts":1734464360085,"action":"IDE_ACTIVATED"}
{"ts":1734464368061,"action":"IDE_DEACTIVATED"}
{"ts":1734464369078,"action":"IDE_ACTIVATED"}
{"ts":1734464371572,"action":"IDE_DEACTIVATED"}
{"ts":1734464373074,"action":"IDE_ACTIVATED"}
{"ts":1734464373883,"action":"IDE_DEACTIVATED"}
{"ts":1734464378041,"action":"IDE_ACTIVATED"}
{"ts":1734464392574,"action":"IDE_DEACTIVATED"}
{"ts":1734464404521,"action":"IDE_ACTIVATED"}
{"ts":1734464404976,"action":"IDE_DEACTIVATED"}
{"ts":1734464405430,"action":"IDE_ACTIVATED"}
{"ts":1734464412462,"action":"IDE_DEACTIVATED"}
{"ts":1734464434894,"action":"IDE_ACTIVATED"}
{"ts":1734464435351,"action":"IDE_DEACTIVATED"}
{"ts":1734464437050,"action":"IDE_ACTIVATED"}
{"ts":1734464448706,"action":"IDE_DEACTIVATED"}
{"ts":1734464464413,"action":"IDE_ACTIVATED"}
{"ts":1734464465776,"action":"IDE_DEACTIVATED"}
{"ts":1734464466684,"action":"IDE_ACTIVATED"}
{"ts":1734464490483,"action":"IDE_DEACTIVATED"}
{"ts":1734464491229,"action":"IDE_ACTIVATED"}
{"ts":1734464527244,"action":"IDE_DEACTIVATED"}
{"ts":1734464528181,"action":"IDE_ACTIVATED"}
{"ts":1734464528511,"action":"IDE_DEACTIVATED"}
{"ts":1734464534238,"action":"IDE_ACTIVATED"}
{"ts":1734464535534,"action":"IDE_DEACTIVATED"}
{"ts":1734464536129,"action":"IDE_ACTIVATED"}
{"ts":1734464536644,"action":"IDE_DEACTIVATED"}
{"ts":1734464538007,"action":"IDE_ACTIVATED"}
{"ts":1734464576297,"action":"IDE_DEACTIVATED"}
{"ts":1734464577270,"action":"IDE_ACTIVATED"}
{"ts":1734464583040,"action":"IDE_DEACTIVATED"}
{"ts":1734464586130,"action":"IDE_ACTIVATED"}
{"ts":1734464617123,"action":"IDE_DEACTIVATED"}
{"ts":1734464618316,"action":"IDE_ACTIVATED"}
{"ts":1734464621344,"action":"IDE_DEACTIVATED"}
{"ts":1734464637763,"action":"IDE_ACTIVATED"}
{"ts":1734464638229,"action":"IDE_DEACTIVATED"}
{"ts":1734464641417,"action":"IDE_ACTIVATED"}
{"ts":1734464644851,"action":"IDE_DEACTIVATED"}
{"ts":1734464648351,"action":"IDE_ACTIVATED"}
{"ts":1734464654348,"action":"IDE_DEACTIVATED"}
{"ts":1734464655184,"action":"IDE_ACTIVATED"}
{"ts":1734464805305,"action":"IDE_DEACTIVATED"}
{"ts":1734464805734,"action":"IDE_ACTIVATED"}
{"ts":1734464806031,"action":"IDE_DEACTIVATED"}
{"ts":1734464814037,"action":"IDE_ACTIVATED"}
{"ts":1734464858814,"action":"IDE_DEACTIVATED"}
{"ts":1734464862310,"action":"IDE_ACTIVATED"}
{"ts":1734464862838,"action":"IDE_DEACTIVATED"}
{"ts":1734464869225,"action":"IDE_ACTIVATED"}
{"ts":1734464912807,"action":"FILE_CLOSED","file":"/frontend/src/components/ConfigurationForm.vue","tags":{"FILE_LINE_OF_CODE":"115"}}
{"ts":1734464942760,"action":"FILE_OPENED","file":"/frontend/src/components/ConfigurationForm.vue","tags":{"FILE_LINE_OF_CODE":"121"}}
{"ts":1734464976409,"action":"IDE_DEACTIVATED"}
{"ts":1734464983549,"action":"IDE_ACTIVATED"}
{"ts":1734465006640,"action":"IDE_DEACTIVATED"}
{"ts":1734465008066,"action":"IDE_ACTIVATED"}
{"ts":1734465106583,"action":"FILE_CLOSED","file":"/frontend/src/components/ConfigurationForm.vue","tags":{"FILE_LINE_OF_CODE":"121"}}
{"ts":1734465119774,"action":"IDE_DEACTIVATED"}
{"ts":1734465129808,"action":"IDE_ACTIVATED"}
{"ts":1734465131336,"action":"FILE_OPENED","file":"/frontend/src/components/ConfigurationForm.vue","tags":{"FILE_LINE_OF_CODE":"121"}}
{"ts":1734465212430,"action":"IDE_DEACTIVATED"}
{"ts":1734465226536,"action":"IDE_ACTIVATED"}
{"ts":1734465315671,"action":"IDE_DEACTIVATED"}
{"ts":1734465317770,"action":"IDE_ACTIVATED"}
{"ts":1734465329176,"action":"IDE_DEACTIVATED"}
{"ts":1734465330457,"action":"IDE_ACTIVATED"}
{"ts":1734465330812,"action":"IDE_DEACTIVATED"}
{"ts":1734465331498,"action":"IDE_ACTIVATED"}
{"ts":1734465404519,"action":"IDE_DEACTIVATED"}
{"ts":1734465446222,"action":"IDE_ACTIVATED"}
{"ts":1734465450070,"action":"IDE_DEACTIVATED"}
{"ts":1734465463957,"action":"IDE_ACTIVATED"}
{"ts":1734465531862,"action":"IDE_DEACTIVATED"}
{"ts":1734465581590,"action":"IDE_ACTIVATED"}
{"ts":1734465594386,"action":"IDE_DEACTIVATED"}
{"ts":1734465596602,"action":"IDE_ACTIVATED"}
{"ts":1734465597101,"action":"IDE_DEACTIVATED"}
{"ts":1734465602569,"action":"IDE_ACTIVATED"}
{"ts":1734465654065,"action":"FILE_CLOSED","file":"/frontend/src/components/ConfigurationForm.vue","tags":{"FILE_LINE_OF_CODE":"121"}}
{"ts":1734465677310,"action":"IDE_DEACTIVATED"}
{"ts":1734465687097,"action":"IDE_ACTIVATED"}
{"ts":1734465688049,"action":"IDE_DEACTIVATED"}
{"ts":1734465688884,"action":"IDE_ACTIVATED"}
{"ts":1734465692088,"action":"FILE_OPENED","file":"/frontend/src/components/ConfigurationForm.vue","tags":{"FILE_LINE_OF_CODE":"129"}}
{"ts":1734465722118,"action":"IDE_DEACTIVATED"}
{"ts":1734465728383,"action":"IDE_ACTIVATED"}
{"ts":1734465742621,"action":"IDE_DEACTIVATED"}
{"ts":1734465743224,"action":"IDE_ACTIVATED"}
{"ts":1734465743747,"action":"IDE_DEACTIVATED"}
{"ts":1734465744870,"action":"IDE_ACTIVATED"}
{"ts":1734465752787,"action":"IDE_DEACTIVATED"}
{"ts":1734465759633,"action":"IDE_ACTIVATED"}
{"ts":1734465770445,"action":"IDE_DEACTIVATED"}
{"ts":1734465771797,"action":"IDE_ACTIVATED"}
{"ts":1734465776408,"action":"IDE_DEACTIVATED"}
{"ts":1734465810745,"action":"IDE_ACTIVATED"}
{"ts":1734465822049,"action":"IDE_DEACTIVATED"}
{"ts":1734465828553,"action":"IDE_ACTIVATED"}
{"ts":1734465829439,"action":"IDE_DEACTIVATED"}
{"ts":1734465829981,"action":"IDE_ACTIVATED"}
{"ts":1734465853906,"action":"IDE_DEACTIVATED"}
{"ts":1734465869857,"action":"IDE_ACTIVATED"}
{"ts":1734465879298,"action":"IDE_DEACTIVATED"}
{"ts":1734465891901,"action":"IDE_ACTIVATED"}
{"ts":1734465916354,"action":"IDE_DEACTIVATED"}
{"ts":1734465933911,"action":"IDE_ACTIVATED"}
{"ts":1734465967358,"action":"IDE_DEACTIVATED"}
{"ts":1734465968022,"action":"IDE_ACTIVATED"}
{"ts":1734465968330,"action":"IDE_DEACTIVATED"}
{"ts":1734465968922,"action":"IDE_ACTIVATED"}
{"ts":1734466018577,"action":"IDE_DEACTIVATED"}
{"ts":1734466019453,"action":"IDE_ACTIVATED"}
{"ts":1734466029591,"action":"IDE_DEACTIVATED"}
{"ts":1734466046396,"action":"IDE_ACTIVATED"}
{"ts":1734466051363,"action":"IDE_DEACTIVATED"}
{"ts":1734466054277,"action":"IDE_ACTIVATED"}
{"ts":1734466054284,"action":"IDE_DEACTIVATED"}
{"ts":1734466057422,"action":"IDE_ACTIVATED"}
{"ts":1734466116874,"action":"FILE_OPENED","file":"/frontend/src/App.vue","tags":{"FILE_LINE_OF_CODE":"39"}}
{"ts":1734466117116,"action":"FILE_CLOSED","file":"/frontend/src/App.vue","tags":{"FILE_LINE_OF_CODE":"39"}}
{"ts":1734466117116,"action":"FILE_OPENED","file":"/frontend/src/router/index.js","tags":{"FILE_LINE_OF_CODE":"19"}}
{"ts":1734466119413,"action":"IDE_DEACTIVATED"}
{"ts":1734466121924,"action":"IDE_ACTIVATED"}
{"ts":1734466124993,"action":"FILE_CLOSED","file":"/frontend/src/router/index.js","tags":{"FILE_LINE_OF_CODE":"19"}}
